<?xml version="1.0" encoding="UTF-8"?>
<!-- Generated by org.testng.reporters.JUnitReportReporter -->
<testsuite skipped="0" hostname="HP" name="com.qa.testcases.rest1" tests="2" failures="0" timestamp="08 Feb 2019 18:06:52 GMT" time="8.577" errors="0">
  <testcase name="testgetmethodwithcorrectcity" time="7.608" classname="com.qa.testcases.rest1"/>
  <testcase name="testgetmethodwithincorrectcity" time="0.969" classname="com.qa.testcases.rest1"/>
</testsuite> <!-- com.qa.testcases.rest1 -->
