<?xml version="1.0" encoding="UTF-8"?>
<!-- Generated by org.testng.reporters.JUnitReportReporter -->
<testsuite skipped="0" hostname="HP" name="com.qa.testcases.FirstTest" tests="1" failures="0" timestamp="03 Feb 2019 15:31:25 GMT" time="0.022" errors="0">
  <testcase name="test1" time="0.022" classname="com.qa.testcases.FirstTest"/>
</testsuite> <!-- com.qa.testcases.FirstTest -->
