<?xml version="1.0" encoding="UTF-8"?>
<!-- Generated by org.testng.reporters.JUnitReportReporter -->
<testsuite skipped="0" hostname="HP" name="com.qa.testcases.testexample" tests="1" failures="0" timestamp="03 Feb 2019 17:08:06 GMT" time="0.024" errors="0">
  <testcase name="test1" time="0.024" classname="com.qa.testcases.testexample"/>
</testsuite> <!-- com.qa.testcases.testexample -->
