<?xml version="1.0" encoding="UTF-8"?>
<!-- Generated by org.testng.reporters.JUnitReportReporter -->
<testsuite skipped="0" hostname="HP" name="com.qa.testcases.rest_post" tests="1" failures="0" timestamp="10 Feb 2019 11:13:29 GMT" time="14.361" errors="0">
  <testcase name="createPost" time="14.361" classname="com.qa.testcases.rest_post"/>
</testsuite> <!-- com.qa.testcases.rest_post -->
