<?xml version="1.0" encoding="UTF-8"?>
<!-- Generated by org.testng.reporters.JUnitReportReporter -->
<testsuite skipped="0" hostname="HP" name="com.qa.testcases.rest_get" tests="1" failures="0" timestamp="10 Feb 2019 11:47:35 GMT" time="5.714" errors="0">
  <testcase name="testgetmethodwithcorrectcity" time="5.714" classname="com.qa.testcases.rest_get"/>
</testsuite> <!-- com.qa.testcases.rest_get -->
